<?xml version="1.0" encoding="UTF-8"?>
<!-- Generated by org.testng.reporters.JUnitXMLReporter -->
<testsuite ignored="0" hostname="vamsikumar" failures="0" tests="3" name="LoginTest" time="2.172" errors="0" timestamp="2024-06-19T21:31:09 IST">
  <testcase classname="com.SwagLabs.TestCases.LoginPageTest" name="verifyApplicationTitle" time="0.023"/>
  <testcase classname="com.SwagLabs.TestCases.LoginPageTest" name="verifyApplicationUrl" time="0.013"/>
  <testcase classname="com.SwagLabs.TestCases.LoginPageTest" name="verifyApplicationLogin" time="0.317"/>
</testsuite> <!-- LoginTest -->
