<?xml version="1.0" encoding="UTF-8"?>
<!-- Generated by org.testng.reporters.JUnitXMLReporter -->
<testsuite ignored="0" hostname="vamsikumar" failures="0" tests="3" name="Test" time="7.22" errors="0" timestamp="2024-06-19T23:29:15 IST">
  <testcase classname="com.SwagLabs.TestCases.LoginPageTest" name="verifyApplicationTitle" time="0.025"/>
  <testcase classname="com.SwagLabs.TestCases.LoginPageTest" name="verifyApplicationUrl" time="0.016"/>
  <testcase classname="com.SwagLabs.TestCases.LoginPageTest" name="verifyApplicationLogin" time="0.361"/>
</testsuite> <!-- Test -->
